Arguments: 
  C:\Program Files\nodejs\node.exe C:\Users\lasag\AppData\Roaming\npm\node_modules\yarn\bin\yarn.js upgrade

PATH: 
  C:\Program Files\PowerShell\7;C:\Program Files\Common Files\Oracle\Java\javapath;C:\Program Files (x86)\VMware\VMware Workstation\bin\;C:\Program Files (x86)\Common Files\Oracle\Java\javapath;C:\Windows\system32;C:\Windows;C:\Windows\System32\Wbem;C:\Windows\System32\WindowsPowerShell\v1.0\;C:\Windows\System32\OpenSSH\;C:\Program Files\NVIDIA Corporation\NVIDIA NvDLISR;C:\Program Files (x86)\NVIDIA Corporation\PhysX\Common;C:\Program Files\nodejs\;C:\Program Files\PuTTY\;C:\Program Files\Git\cmd;C:\Program Files\PowerShell\7\;C:\Users\lasag\AppData\Local\Programs\Python\Python310\Scripts\;C:\Users\lasag\AppData\Local\Programs\Python\Python310\;C:\Users\lasag\AppData\Local\Microsoft\WindowsApps;C:\Users\lasag\AppData\Local\Programs\Microsoft VS Code Insiders\bin;C:\Users\lasag\AppData\Local\GitHubDesktop\bin;C:\Users\lasag\AppData\Roaming\npm

Yarn version: 
  1.22.17

Node version: 
  17.1.0

Platform: 
  win32 x64

Trace: 
  Error: Client network socket disconnected before secure TLS connection was established
      at connResetException (node:internal/errors:691:14)
      at TLSSocket.onConnectEnd (node:_tls_wrap:1585:19)
      at TLSSocket.emit (node:events:402:35)
      at endReadableNT (node:internal/streams/readable:1340:12)
      at processTicksAndRejections (node:internal/process/task_queues:83:21)

npm manifest: 
  {
    "name": "mr_bot",
    "version": "2.0.0",
    "main": "mr-bot.js",
    "repository": "https://github.com/Ludo-code/Mr_BOT.git",
    "author": "Ludo-Code <ludovic.berthet9492@gmail.com>",
    "license": "MIT",
    "dependencies": {
      "booru": "^2.4.0",
      "discord-akairo": "^8.1.0",
      "discord.js": "^12.5.3",
      "discord.js-pagination": "^1.0.3",
      "mysql2": "^2.2.5",
      "node-fetch": "^2.6.1",
      "sequelize": "^6.6.4"
    }
  }

yarn manifest: 
  No manifest

Lockfile: 
  # THIS IS AN AUTOGENERATED FILE. DO NOT EDIT THIS FILE DIRECTLY.
  # yarn lockfile v1
  
  
  "@discordjs/collection@^0.1.6":
    "integrity" "sha512-utRNxnd9kSS2qhyivo9lMlt5qgAUasH2gb7BEOn6p0efFh24gjGomHzWKMAPn2hEReOPQZCJaRKoURwRotKucQ=="
    "resolved" "https://registry.npmjs.org/@discordjs/collection/-/collection-0.1.6.tgz"
    "version" "0.1.6"
  
  "@discordjs/form-data@^3.0.1":
    "integrity" "sha512-ZfFsbgEXW71Rw/6EtBdrP5VxBJy4dthyC0tpQKGKmYFImlmmrykO14Za+BiIVduwjte0jXEBlhSKf0MWbFp9Eg=="
    "resolved" "https://registry.npmjs.org/@discordjs/form-data/-/form-data-3.0.1.tgz"
    "version" "3.0.1"
    dependencies:
      "asynckit" "^0.4.0"
      "combined-stream" "^1.0.8"
      "mime-types" "^2.1.12"
  
  "@types/debug@^4.1.7":
    "integrity" "sha512-9AonUzyTjXXhEOa0DnqpzZi6VHlqKMswga9EXjpXnnqxwLtdvPPtlO8evrI5D9S6asFRCQ6v+wpiUKbw+vKqyg=="
    "resolved" "https://registry.npmjs.org/@types/debug/-/debug-4.1.7.tgz"
    "version" "4.1.7"
    dependencies:
      "@types/ms" "*"
  
  "@types/ms@*":
    "integrity" "sha512-iiUgKzV9AuaEkZqkOLDIvlQiL6ltuZd9tGcW3gwpnX8JbuiuhFlEGmmFXEXkN50Cvq7Os88IY2v0dkDqXYWVgA=="
    "resolved" "https://registry.npmjs.org/@types/ms/-/ms-0.7.31.tgz"
    "version" "0.7.31"
  
  "@types/node@*":
    "integrity" "sha512-YofkM6fGv4gDJq78g4j0mMuGMkZVxZDgtU0JRdx6FgiJDG+0fY0GKVolOV8WqVmEhLCXkQRjwDdKyPxJp/uucg=="
    "resolved" "https://registry.npmjs.org/@types/node/-/node-17.0.8.tgz"
    "version" "17.0.8"
  
  "abort-controller@^3.0.0":
    "integrity" "sha512-h8lQ8tacZYnR3vNQTgibj+tODHI5/+l06Au2Pcriv/Gmet0eaj4TwWH41sO9wnHDiQsEj19q0drzdWdeAHtweg=="
    "resolved" "https://registry.npmjs.org/abort-controller/-/abort-controller-3.0.0.tgz"
    "version" "3.0.0"
    dependencies:
      "event-target-shim" "^5.0.0"
  
  "asynckit@^0.4.0":
    "integrity" "sha1-x57Zf380y48robyXkLzDZkdLS3k="
    "resolved" "https://registry.npmjs.org/asynckit/-/asynckit-0.4.0.tgz"
    "version" "0.4.0"
  
  "booru@^2.4.0":
    "integrity" "sha512-x+/yLp9cKujnWLD2GAoGqHHFpe33NHbMomQEmCfPf+upO/AwC35lKGsUbbHVTjtgD/IMKBBOQeJJEha797PoTQ=="
    "resolved" "https://registry.npmjs.org/booru/-/booru-2.5.2.tgz"
    "version" "2.5.2"
    dependencies:
      "fast-xml-parser" "^3.19.0"
      "node-fetch" "^2.6.1"
  
  "combined-stream@^1.0.8":
    "integrity" "sha512-FQN4MRfuJeHf7cBbBMJFXhKSDq+2kAArBlmRBvcvFE5BB1HZKXtSFASDhdlz9zOYwxh8lDdnvmMOe/+5cdoEdg=="
    "resolved" "https://registry.npmjs.org/combined-stream/-/combined-stream-1.0.8.tgz"
    "version" "1.0.8"
    dependencies:
      "delayed-stream" "~1.0.0"
  
  "debug@^4.3.3":
    "integrity" "sha512-/zxw5+vh1Tfv+4Qn7a5nsbcJKPaSvCDhojn6FEl9vupwK2VCSDtEiEtqr8DFtzYFOdz63LBkxec7DYuc2jon6Q=="
    "resolved" "https://registry.npmjs.org/debug/-/debug-4.3.3.tgz"
    "version" "4.3.3"
    dependencies:
      "ms" "2.1.2"
  
  "delayed-stream@~1.0.0":
    "integrity" "sha1-3zrhmayt+31ECqrgsp4icrJOxhk="
    "resolved" "https://registry.npmjs.org/delayed-stream/-/delayed-stream-1.0.0.tgz"
    "version" "1.0.0"
  
  "denque@^2.0.1":
    "integrity" "sha512-tfiWc6BQLXNLpNiR5iGd0Ocu3P3VpxfzFiqubLgMfhfOw9WyvgJBd46CClNn9k3qfbjvT//0cf7AlYRX/OslMQ=="
    "resolved" "https://registry.npmjs.org/denque/-/denque-2.0.1.tgz"
    "version" "2.0.1"
  
  "discord-akairo@^8.1.0":
    "integrity" "sha512-INWYmHo6NgyYx1ZKGSCmgznVfvkXpWGj4fGCGjO8IPkZ06Bidb9YKr4rXy2lwG0kprCjvqY0qbbhcw6N050abQ=="
    "resolved" "https://registry.npmjs.org/discord-akairo/-/discord-akairo-8.1.0.tgz"
    "version" "8.1.0"
  
  "discord.js-pagination@^1.0.3":
    "integrity" "sha512-n6wuNo3CclZdwRfc5LMInjcrN23iKnKQTtlpX3VXGRtNofawBeQroYhl7xotSmpkIlL2Uqwo13T11+hHdNJ/bQ=="
    "resolved" "https://registry.npmjs.org/discord.js-pagination/-/discord.js-pagination-1.0.3.tgz"
    "version" "1.0.3"
  
  "discord.js@^12.5.3":
    "integrity" "sha512-D3nkOa/pCkNyn6jLZnAiJApw2N9XrIsXUAdThf01i7yrEuqUmDGc7/CexVWwEcgbQR97XQ+mcnqJpmJ/92B4Aw=="
    "resolved" "https://registry.npmjs.org/discord.js/-/discord.js-12.5.3.tgz"
    "version" "12.5.3"
    dependencies:
      "@discordjs/collection" "^0.1.6"
      "@discordjs/form-data" "^3.0.1"
      "abort-controller" "^3.0.0"
      "node-fetch" "^2.6.1"
      "prism-media" "^1.2.9"
      "setimmediate" "^1.0.5"
      "tweetnacl" "^1.0.3"
      "ws" "^7.4.4"
  
  "dottie@^2.0.2":
    "integrity" "sha512-fmrwR04lsniq/uSr8yikThDTrM7epXHBAAjH9TbeH3rEA8tdCO7mRzB9hdmdGyJCxF8KERo9CITcm3kGuoyMhg=="
    "resolved" "https://registry.npmjs.org/dottie/-/dottie-2.0.2.tgz"
    "version" "2.0.2"
  
  "event-target-shim@^5.0.0":
    "integrity" "sha512-i/2XbnSz/uxRCU6+NdVJgKWDTM427+MqYbkQzD321DuCQJUqOuJKIA0IM2+W2xtYHdKOmZ4dR6fExsd4SXL+WQ=="
    "resolved" "https://registry.npmjs.org/event-target-shim/-/event-target-shim-5.0.1.tgz"
    "version" "5.0.1"
  
  "fast-xml-parser@^3.19.0":
    "integrity" "sha512-FTFVjYoBOZTJekiUsawGsSYV9QL0A+zDYCRj7y34IO6Jg+2IMYEtQa+bbictpdpV8dHxXywqU7C0gRDEOFtBFg=="
    "resolved" "https://registry.npmjs.org/fast-xml-parser/-/fast-xml-parser-3.21.1.tgz"
    "version" "3.21.1"
    dependencies:
      "strnum" "^1.0.4"
  
  "generate-function@^2.3.1":
    "integrity" "sha512-eeB5GfMNeevm/GRYq20ShmsaGcmI81kIX2K9XQx5miC8KdHaC6Jm0qQ8ZNeGOi7wYB8OsdxKs+Y2oVuTFuVwKQ=="
    "resolved" "https://registry.npmjs.org/generate-function/-/generate-function-2.3.1.tgz"
    "version" "2.3.1"
    dependencies:
      "is-property" "^1.0.2"
  
  "iconv-lite@^0.6.3":
    "integrity" "sha512-4fCk79wshMdzMp2rH06qWrJE4iolqLhCUH+OiuIgU++RB0+94NlDL81atO7GX55uUKueo0txHNtvEyI6D7WdMw=="
    "resolved" "https://registry.npmjs.org/iconv-lite/-/iconv-lite-0.6.3.tgz"
    "version" "0.6.3"
    dependencies:
      "safer-buffer" ">= 2.1.2 < 3.0.0"
  
  "inflection@^1.13.1":
    "integrity" "sha512-dldYtl2WlN0QDkIDtg8+xFwOS2Tbmp12t1cHa5/YClU6ZQjTFm7B66UcVbh9NQB+HvT5BAd2t5+yKsBkw5pcqA=="
    "resolved" "https://registry.npmjs.org/inflection/-/inflection-1.13.1.tgz"
    "version" "1.13.1"
  
  "is-property@^1.0.2":
    "integrity" "sha1-V/4cTkhHTt1lsJkR8msc1Ald2oQ="
    "resolved" "https://registry.npmjs.org/is-property/-/is-property-1.0.2.tgz"
    "version" "1.0.2"
  
  "lodash@^4.17.21":
    "integrity" "sha512-v2kDEe57lecTulaDIuNTPy3Ry4gLGJ6Z1O3vE1krgXZNrsQ+LFTGHVxVjcXPs17LhbZVGedAJv8XZ1tvj5FvSg=="
    "resolved" "https://registry.npmjs.org/lodash/-/lodash-4.17.21.tgz"
    "version" "4.17.21"
  
  "long@^4.0.0":
    "integrity" "sha512-XsP+KhQif4bjX1kbuSiySJFNAehNxgLb6hPRGJ9QsUr8ajHkuXGdrHmFUTUUXhDwVX2R5bY4JNZEwbUiMhV+MA=="
    "resolved" "https://registry.npmjs.org/long/-/long-4.0.0.tgz"
    "version" "4.0.0"
  
  "lru-cache@^4.1.3":
    "integrity" "sha512-sWZlbEP2OsHNkXrMl5GYk/jKk70MBng6UU4YI/qGDYbgf6YbP4EvmqISbXCoJiRKs+1bSpFHVgQxvJ17F2li5g=="
    "resolved" "https://registry.npmjs.org/lru-cache/-/lru-cache-4.1.5.tgz"
    "version" "4.1.5"
    dependencies:
      "pseudomap" "^1.0.2"
      "yallist" "^2.1.2"
  
  "lru-cache@^6.0.0":
    "integrity" "sha512-Jo6dJ04CmSjuznwJSS3pUeWmd/H0ffTlkXXgwZi+eq1UCmqQwCh+eLsYOYCwY991i2Fah4h1BEMCx4qThGbsiA=="
    "resolved" "https://registry.npmjs.org/lru-cache/-/lru-cache-6.0.0.tgz"
    "version" "6.0.0"
    dependencies:
      "yallist" "^4.0.0"
  
  "mime-db@1.51.0":
    "integrity" "sha512-5y8A56jg7XVQx2mbv1lu49NR4dokRnhZYTtL+KGfaa27uq4pSTXkwQkFJl4pkRMyNFz/EtYDSkiiEHx3F7UN6g=="
    "resolved" "https://registry.npmjs.org/mime-db/-/mime-db-1.51.0.tgz"
    "version" "1.51.0"
  
  "mime-types@^2.1.12":
    "integrity" "sha512-6cP692WwGIs9XXdOO4++N+7qjqv0rqxxVvJ3VHPh/Sc9mVZcQP+ZGhkKiTvWMQRr2tbHkJP/Yn7Y0npb3ZBs4A=="
    "resolved" "https://registry.npmjs.org/mime-types/-/mime-types-2.1.34.tgz"
    "version" "2.1.34"
    dependencies:
      "mime-db" "1.51.0"
  
  "moment-timezone@^0.5.34":
    "integrity" "sha512-3zAEHh2hKUs3EXLESx/wsgw6IQdusOT8Bxm3D9UrHPQR7zlMmzwybC8zHEM1tQ4LJwP7fcxrWr8tuBg05fFCbg=="
    "resolved" "https://registry.npmjs.org/moment-timezone/-/moment-timezone-0.5.34.tgz"
    "version" "0.5.34"
    dependencies:
      "moment" ">= 2.9.0"
  
  "moment@^2.29.1", "moment@>= 2.9.0":
    "integrity" "sha512-kHmoybcPV8Sqy59DwNDY3Jefr64lK/by/da0ViFcuA4DH0vQg5Q6Ze5VimxkfQNSC+Mls/Kx53s7TjP1RhFEDQ=="
    "resolved" "https://registry.npmjs.org/moment/-/moment-2.29.1.tgz"
    "version" "2.29.1"
  
  "ms@2.1.2":
    "integrity" "sha512-sGkPx+VjMtmA6MX27oA4FBFELFCZZ4S4XqeGOXCv68tT+jb3vk/RyaKWP0PTKyWtmLSM0b+adUTEvbs1PEaH2w=="
    "resolved" "https://registry.npmjs.org/ms/-/ms-2.1.2.tgz"
    "version" "2.1.2"
  
  "mysql2@^2.2.5":
    "integrity" "sha512-wxJUev6LgMSgACDkb/InIFxDprRa6T95+VEoR+xPvtngtccNH2dGjEB/fVZ8yg1gWv1510c9CvXuJHi5zUm0ZA=="
    "resolved" "https://registry.npmjs.org/mysql2/-/mysql2-2.3.3.tgz"
    "version" "2.3.3"
    dependencies:
      "denque" "^2.0.1"
      "generate-function" "^2.3.1"
      "iconv-lite" "^0.6.3"
      "long" "^4.0.0"
      "lru-cache" "^6.0.0"
      "named-placeholders" "^1.1.2"
      "seq-queue" "^0.0.5"
      "sqlstring" "^2.3.2"
  
  "named-placeholders@^1.1.2":
    "integrity" "sha512-wiFWqxoLL3PGVReSZpjLVxyJ1bRqe+KKJVbr4hGs1KWfTZTQyezHFBbuKj9hsizHyGV2ne7EMjHdxEGAybD5SA=="
    "resolved" "https://registry.npmjs.org/named-placeholders/-/named-placeholders-1.1.2.tgz"
    "version" "1.1.2"
    dependencies:
      "lru-cache" "^4.1.3"
  
  "node-fetch@^2.6.1":
    "integrity" "sha512-Z8/6vRlTUChSdIgMa51jxQ4lrw/Jy5SOW10ObaA47/RElsAN2c5Pn8bTgFGWn/ibwzXTE8qwr1Yzx28vsecXEA=="
    "resolved" "https://registry.npmjs.org/node-fetch/-/node-fetch-2.6.6.tgz"
    "version" "2.6.6"
    dependencies:
      "whatwg-url" "^5.0.0"
  
  "pg-connection-string@^2.5.0":
    "integrity" "sha512-r5o/V/ORTA6TmUnyWZR9nCj1klXCO2CEKNRlVuJptZe85QuhFayC7WeMic7ndayT5IRIR0S0xFxFi2ousartlQ=="
    "resolved" "https://registry.npmjs.org/pg-connection-string/-/pg-connection-string-2.5.0.tgz"
    "version" "2.5.0"
  
  "prism-media@^1.2.9":
    "integrity" "sha512-L6UsGHcT6i4wrQhFF1aPK+MNYgjRqR2tUoIqEY+CG1NqVkMjPRKzS37j9f8GiYPlD6wG9ruBj+q5Ax+bH8Ik1g=="
    "resolved" "https://registry.npmjs.org/prism-media/-/prism-media-1.3.2.tgz"
    "version" "1.3.2"
  
  "pseudomap@^1.0.2":
    "integrity" "sha1-8FKijacOYYkX7wqKw0wa5aaChrM="
    "resolved" "https://registry.npmjs.org/pseudomap/-/pseudomap-1.0.2.tgz"
    "version" "1.0.2"
  
  "retry-as-promised@^5.0.0":
    "integrity" "sha512-6S+5LvtTl2ggBumk04hBo/4Uf6fRJUwIgunGZ7CYEBCeufGFW1Pu6ucUf/UskHeWOIsUcLOGLFXPig5tR5V1nA=="
    "resolved" "https://registry.npmjs.org/retry-as-promised/-/retry-as-promised-5.0.0.tgz"
    "version" "5.0.0"
  
  "safer-buffer@>= 2.1.2 < 3.0.0":
    "integrity" "sha512-YZo3K82SD7Riyi0E1EQPojLz7kpepnSQI9IyPbHHg1XXXevb5dJI7tpyN2ADxGcQbHG7vcyRHk0cbwqcQriUtg=="
    "resolved" "https://registry.npmjs.org/safer-buffer/-/safer-buffer-2.1.2.tgz"
    "version" "2.1.2"
  
  "semver@^7.3.5":
    "integrity" "sha512-PoeGJYh8HK4BTO/a9Tf6ZG3veo/A7ZVsYrSA6J8ny9nb3B1VrpkuN+z9OE5wfE5p6H4LchYZsegiQgbJD94ZFQ=="
    "resolved" "https://registry.npmjs.org/semver/-/semver-7.3.5.tgz"
    "version" "7.3.5"
    dependencies:
      "lru-cache" "^6.0.0"
  
  "seq-queue@^0.0.5":
    "integrity" "sha1-1WgS4cAXpuTnw+Ojeh2m143TyT4="
    "resolved" "https://registry.npmjs.org/seq-queue/-/seq-queue-0.0.5.tgz"
    "version" "0.0.5"
  
  "sequelize-pool@^7.1.0":
    "integrity" "sha512-G9c0qlIWQSK29pR/5U2JF5dDQeqqHRragoyahj/Nx4KOOQ3CPPfzxnfqFPCSB7x5UgjOgnZ61nSxz+fjDpRlJg=="
    "resolved" "https://registry.npmjs.org/sequelize-pool/-/sequelize-pool-7.1.0.tgz"
    "version" "7.1.0"
  
  "sequelize@^6.6.4":
    "integrity" "sha512-p0dXXGZSc0Ng7CdGwlKN4P6DTRD/w9Ar2CnmHamNVDnqEWh6pMVOp3xrlG5+IWhbwrqL3SjIYEYt3Xog1vXRDw=="
    "resolved" "https://registry.npmjs.org/sequelize/-/sequelize-6.13.0.tgz"
    "version" "6.13.0"
    dependencies:
      "@types/debug" "^4.1.7"
      "debug" "^4.3.3"
      "dottie" "^2.0.2"
      "inflection" "^1.13.1"
      "lodash" "^4.17.21"
      "moment" "^2.29.1"
      "moment-timezone" "^0.5.34"
      "pg-connection-string" "^2.5.0"
      "retry-as-promised" "^5.0.0"
      "semver" "^7.3.5"
      "sequelize-pool" "^7.1.0"
      "toposort-class" "^1.0.1"
      "uuid" "^8.3.2"
      "validator" "^13.7.0"
      "wkx" "^0.5.0"
  
  "setimmediate@^1.0.5":
    "integrity" "sha1-KQy7Iy4waULX1+qbg3Mqt4VvgoU="
    "resolved" "https://registry.npmjs.org/setimmediate/-/setimmediate-1.0.5.tgz"
    "version" "1.0.5"
  
  "sqlstring@^2.3.2":
    "integrity" "sha512-vF4ZbYdKS8OnoJAWBmMxCQDkiEBkGQYU7UZPtL8flbDRSNkhaXvRJ279ZtI6M+zDaQovVU4tuRgzK5fVhvFAhg=="
    "resolved" "https://registry.npmjs.org/sqlstring/-/sqlstring-2.3.2.tgz"
    "version" "2.3.2"
  
  "strnum@^1.0.4":
    "integrity" "sha512-J8bbNyKKXl5qYcR36TIO8W3mVGVHrmmxsd5PAItGkmyzwJvybiw2IVq5nqd0i4LSNSkB/sx9VHllbfFdr9k1JA=="
    "resolved" "https://registry.npmjs.org/strnum/-/strnum-1.0.5.tgz"
    "version" "1.0.5"
  
  "toposort-class@^1.0.1":
    "integrity" "sha1-f/0feMi+KMO6Rc1OGj9e4ZO9mYg="
    "resolved" "https://registry.npmjs.org/toposort-class/-/toposort-class-1.0.1.tgz"
    "version" "1.0.1"
  
  "tr46@~0.0.3":
    "integrity" "sha1-gYT9NH2snNwYWZLzpmIuFLnZq2o="
    "resolved" "https://registry.npmjs.org/tr46/-/tr46-0.0.3.tgz"
    "version" "0.0.3"
  
  "tweetnacl@^1.0.3":
    "integrity" "sha512-6rt+RN7aOi1nGMyC4Xa5DdYiukl2UWCbcJft7YhxReBGQD7OAM8Pbxw6YMo4r2diNEA8FEmu32YOn9rhaiE5yw=="
    "resolved" "https://registry.npmjs.org/tweetnacl/-/tweetnacl-1.0.3.tgz"
    "version" "1.0.3"
  
  "uuid@^8.3.2":
    "integrity" "sha512-+NYs2QeMWy+GWFOEm9xnn6HCDp0l7QBD7ml8zLUmJ+93Q5NF0NocErnwkTkXVFNiX3/fpC6afS8Dhb/gz7R7eg=="
    "resolved" "https://registry.npmjs.org/uuid/-/uuid-8.3.2.tgz"
    "version" "8.3.2"
  
  "validator@^13.7.0":
    "integrity" "sha512-nYXQLCBkpJ8X6ltALua9dRrZDHVYxjJ1wgskNt1lH9fzGjs3tgojGSCBjmEPwkWS1y29+DrizMTW19Pr9uB2nw=="
    "resolved" "https://registry.npmjs.org/validator/-/validator-13.7.0.tgz"
    "version" "13.7.0"
  
  "webidl-conversions@^3.0.0":
    "integrity" "sha1-JFNCdeKnvGvnvIZhHMFq4KVlSHE="
    "resolved" "https://registry.npmjs.org/webidl-conversions/-/webidl-conversions-3.0.1.tgz"
    "version" "3.0.1"
  
  "whatwg-url@^5.0.0":
    "integrity" "sha1-lmRU6HZUYuN2RNNib2dCzotwll0="
    "resolved" "https://registry.npmjs.org/whatwg-url/-/whatwg-url-5.0.0.tgz"
    "version" "5.0.0"
    dependencies:
      "tr46" "~0.0.3"
      "webidl-conversions" "^3.0.0"
  
  "wkx@^0.5.0":
    "integrity" "sha512-Xng/d4Ichh8uN4l0FToV/258EjMGU9MGcA0HV2d9B/ZpZB3lqQm7nkOdZdm5GhKtLLhAE7PiVQwN4eN+2YJJUg=="
    "resolved" "https://registry.npmjs.org/wkx/-/wkx-0.5.0.tgz"
    "version" "0.5.0"
    dependencies:
      "@types/node" "*"
  
  "ws@^7.4.4":
    "integrity" "sha512-6GLgCqo2cy2A2rjCNFlxQS6ZljG/coZfZXclldI8FB/1G3CCI36Zd8xy2HrFVACi8tfk5XrgLQEk+P0Tnz9UcA=="
    "resolved" "https://registry.npmjs.org/ws/-/ws-7.5.6.tgz"
    "version" "7.5.6"
  
  "yallist@^2.1.2":
    "integrity" "sha1-HBH5IY8HYImkfdUS+TxmmaaoHVI="
    "resolved" "https://registry.npmjs.org/yallist/-/yallist-2.1.2.tgz"
    "version" "2.1.2"
  
  "yallist@^4.0.0":
    "integrity" "sha512-3wdGidZyq5PB084XLES5TpOSRA3wjXAlIWMhum2kRcv/41Sn2emQ0dycQW4uZXLejwKvg6EsvbdlVL+FYEct7A=="
    "resolved" "https://registry.npmjs.org/yallist/-/yallist-4.0.0.tgz"
    "version" "4.0.0"
